<?xml version="1.0" encoding="UTF-8"?>
<!-- Generated by org.testng.reporters.JUnitReportReporter -->
<testsuite hostname="PC-HASHIM" name="test.com.CarTest" tests="1" failures="0" timestamp="16 Mar 2019 20:19:18 GMT" time="0.000" errors="0">
  <testcase name="validateModel" time="0.000" classname="test.com.CarTest"/>
</testsuite> <!-- test.com.CarTest -->
